2021-11-03 20:30:00,566 [Worker-4: Loading available Gradle versions] INFO  o.e.b.c.i.u.g.PublishedGradleVersions - Gradle version information cache is out-of-date. Trying to update.
2021-11-03 20:30:49,757 [Worker-7: Importing Maven projects] INFO  o.e.m.c.i.l.LifecycleMappingFactory - Using org.eclipse.m2e.jdt.JarLifecycleMapping lifecycle mapping for MavenProject: TMO-pa-spring-starter-main:TMO-pa-spring-starter-main:0.0.1-SNAPSHOT @ C:\Users\MAntene1\Desktop\Assesement\Assesement\TMO-pa-spring-starter-main\pom.xml.
2021-11-03 20:30:51,664 [Worker-7: Importing Maven projects] INFO  o.e.m.j.i.AbstractJavaProjectConfigurator - Adding source folder /TMO-pa-spring-starter-main/src/main/java
2021-11-03 20:30:51,666 [Worker-7: Importing Maven projects] INFO  o.e.m.j.i.AbstractJavaProjectConfigurator - Adding resource folder /TMO-pa-spring-starter-main/src/main/resources
2021-11-03 20:30:51,667 [Worker-7: Importing Maven projects] INFO  o.e.m.j.i.AbstractJavaProjectConfigurator - Adding resource folder /TMO-pa-spring-starter-main/src/main/resources
2021-11-03 20:30:51,669 [Worker-7: Importing Maven projects] INFO  o.e.m.j.i.AbstractJavaProjectConfigurator - Adding source folder /TMO-pa-spring-starter-main/src/test/java
2021-11-03 20:30:52,687 [Worker-7: Importing Maven projects] INFO  o.e.m.c.i.p.ProjectConfigurationManager - Imported and configured 1 project(s) in 5 sec
2021-11-03 20:30:57,433 [Worker-15: Building] INFO  o.e.m.c.i.embedder.EclipseLogger - Using 'UTF-8' encoding to copy filtered resources.
2021-11-03 20:30:57,434 [Worker-15: Building] INFO  o.e.m.c.i.embedder.EclipseLogger - Using 'UTF-8' encoding to copy filtered properties files.
2021-11-03 20:30:57,443 [Worker-15: Building] INFO  o.e.m.c.i.embedder.EclipseLogger - Copying 1 resource
2021-11-03 20:30:57,472 [Worker-15: Building] INFO  o.e.m.c.i.embedder.EclipseLogger - Copying 0 resource
2021-11-03 20:30:57,476 [Worker-15: Building] INFO  o.e.m.c.i.embedder.EclipseLogger - Using 'UTF-8' encoding to copy filtered resources.
2021-11-03 20:30:57,478 [Worker-15: Building] INFO  o.e.m.c.i.embedder.EclipseLogger - Using 'UTF-8' encoding to copy filtered properties files.
2021-11-03 20:30:57,479 [Worker-15: Building] INFO  o.e.m.c.i.embedder.EclipseLogger - skip non existing resourceDirectory C:\Users\MAntene1\Desktop\Assesement\Assesement\TMO-pa-spring-starter-main\src\test\resources
2021-11-03 20:30:58,054 [JGit-FileStoreAttributeWriter-2] ERROR org.eclipse.jgit.util.FS - Cannot save config file 'FileBasedConfig[U:\.config\jgit\config]'
java.io.IOException: Creating directories for U:\.config\jgit failed
	at org.eclipse.jgit.util.FileUtils.mkdirs(FileUtils.java:412)
	at org.eclipse.jgit.internal.storage.file.LockFile.lock(LockFile.java:138)
	at org.eclipse.jgit.storage.file.FileBasedConfig.save(FileBasedConfig.java:219)
	at org.eclipse.jgit.util.FS$FileStoreAttributes.saveToConfig(FS.java:740)
	at org.eclipse.jgit.util.FS$FileStoreAttributes.lambda$4(FS.java:426)
	at java.base/java.util.concurrent.ThreadPoolExecutor.runWorker(ThreadPoolExecutor.java:1130)
	at java.base/java.util.concurrent.ThreadPoolExecutor$Worker.run(ThreadPoolExecutor.java:630)
	at java.base/java.lang.Thread.run(Thread.java:832)
